<?xml version="1.0" encoding="UTF-8"?>
<!-- Generated by org.testng.reporters.JUnitXMLReporter -->
<testsuite ignored="0" hostname="TYSS-Madhumitha" failures="0" tests="3" name="Default test" time="32.097" errors="0" timestamp="2024-06-19T11:24:36 IST">
  <testcase classname="jenkinspractice.PracticeTest" name="launchFacebook" time="12.046"/>
  <testcase classname="jenkinspractice.PracticeTest" name="launchLinekdin" time="6.19"/>
  <testcase classname="jenkinspractice.PracticeTest" name="launchVtiger" time="13.774"/>
</testsuite> <!-- Default test -->
