<?xml version="1.0" encoding="UTF-8"?>
<testng-results ignored="0" total="3" passed="3" failed="0" skipped="0">
  <reporter-output>
    <line>
      <![CDATA[Executed]]>
    </line>
    <line>
      <![CDATA[Executed]]>
    </line>
    <line>
      <![CDATA[Executed]]>
    </line>
  </reporter-output>
  <suite started-at="2024-06-19T11:24:04 IST" name="Default suite" finished-at="2024-06-19T11:24:36 IST" duration-ms="32097">
    <groups>
    </groups>
    <test started-at="2024-06-19T11:24:04 IST" name="Default test" finished-at="2024-06-19T11:24:36 IST" duration-ms="32097">
      <class name="jenkinspractice.PracticeTest">
        <test-method signature="launchFacebook()[pri:0, instance:jenkinspractice.PracticeTest@4f6ee6e4]" started-at="2024-06-19T11:24:04 IST" name="launchFacebook" finished-at="2024-06-19T11:24:16 IST" duration-ms="12046" status="PASS">
          <reporter-output>
            <line>
              <![CDATA[Executed]]>
            </line>
          </reporter-output>
        </test-method> <!-- launchFacebook -->
        <test-method signature="launchLinekdin()[pri:0, instance:jenkinspractice.PracticeTest@4f6ee6e4]" started-at="2024-06-19T11:24:16 IST" name="launchLinekdin" finished-at="2024-06-19T11:24:23 IST" duration-ms="6190" status="PASS">
          <reporter-output>
            <line>
              <![CDATA[Executed]]>
            </line>
          </reporter-output>
        </test-method> <!-- launchLinekdin -->
        <test-method signature="launchVtiger()[pri:0, instance:jenkinspractice.PracticeTest@4f6ee6e4]" started-at="2024-06-19T11:24:23 IST" name="launchVtiger" finished-at="2024-06-19T11:24:36 IST" duration-ms="13774" status="PASS">
          <reporter-output>
            <line>
              <![CDATA[Executed]]>
            </line>
          </reporter-output>
        </test-method> <!-- launchVtiger -->
      </class> <!-- jenkinspractice.PracticeTest -->
    </test> <!-- Default test -->
  </suite> <!-- Default suite -->
</testng-results>
